[[32mSUCCESS[0m] 2025-12-10 15:51:52: python3.10-venv already installed 
[[32mSUCCESS[0m] 2025-12-10 15:51:52: virtual  environment found, activating... 
[[32mSUCCESS[0m] 2025-12-10 15:51:52: Environment is activated... 
[[34mINFO[0m] 2025-12-10 15:51:52: Upgrading pip...
Requirement already satisfied: pip in ./venv/lib/python3.10/site-packages (25.3)
[[32mSUCCESS[0m] 2025-12-10 15:51:56: Pip upgraded within environment... 
[[34mINFO[0m] 2025-12-10 15:51:56: Installing dependencies...
Requirement already satisfied: pandas==1.5.0 in ./venv/lib/python3.10/site-packages (from -r ./requirement.txt (line 1)) (1.5.0)
Requirement already satisfied: requests==2.28.0 in ./venv/lib/python3.10/site-packages (from -r ./requirement.txt (line 2)) (2.28.0)
Requirement already satisfied: python-dotenv==1.0.0 in ./venv/lib/python3.10/site-packages (from -r ./requirement.txt (line 3)) (1.0.0)
Requirement already satisfied: python-dateutil>=2.8.1 in ./venv/lib/python3.10/site-packages (from pandas==1.5.0->-r ./requirement.txt (line 1)) (2.9.0.post0)
Requirement already satisfied: pytz>=2020.1 in ./venv/lib/python3.10/site-packages (from pandas==1.5.0->-r ./requirement.txt (line 1)) (2025.2)
Requirement already satisfied: numpy>=1.21.0 in ./venv/lib/python3.10/site-packages (from pandas==1.5.0->-r ./requirement.txt (line 1)) (2.2.6)
Requirement already satisfied: charset-normalizer~=2.0.0 in ./venv/lib/python3.10/site-packages (from requests==2.28.0->-r ./requirement.txt (line 2)) (2.0.12)
Requirement already satisfied: idna<4,>=2.5 in ./venv/lib/python3.10/site-packages (from requests==2.28.0->-r ./requirement.txt (line 2)) (3.11)
Requirement already satisfied: urllib3<1.27,>=1.21.1 in ./venv/lib/python3.10/site-packages (from requests==2.28.0->-r ./requirement.txt (line 2)) (1.26.20)
Requirement already satisfied: certifi>=2017.4.17 in ./venv/lib/python3.10/site-packages (from requests==2.28.0->-r ./requirement.txt (line 2)) (2025.11.12)
Requirement already satisfied: six>=1.5 in ./venv/lib/python3.10/site-packages (from python-dateutil>=2.8.1->pandas==1.5.0->-r ./requirement.txt (line 1)) (1.17.0)
[[32mSUCCESS[0m] 2025-12-10 15:51:57: Dependencies successfully installed... 
[[33mWARNING[0m] 2025-12-10 15:51:57: .gitignore exist, exiting... 
[[32mSUCCESS[0m] 2025-12-10 15:51:57: Environment is ready for use ... 
